<?xml version="1.0" encoding="UTF-8"?>
<coverage generated="1686518320291" clover="3.2.0">
  <project timestamp="1686518320291" name="All files">
    <metrics statements="28" coveredstatements="26" conditionals="12" coveredconditionals="12" methods="3" coveredmethods="3" elements="43" coveredelements="41" complexity="0" loc="28" ncloc="28" packages="1" files="3" classes="3"/>
    <file name="logger.ts" path="/workspaces/threadit/vote_api/src/utils/logger.ts">
      <metrics statements="2" coveredstatements="2" conditionals="0" coveredconditionals="0" methods="1" coveredmethods="1"/>
      <line num="4" count="2" type="stmt"/>
      <line num="6" count="8" type="stmt"/>
    </file>
    <file name="verifyUser.ts" path="/workspaces/threadit/vote_api/src/utils/verifyUser.ts">
      <metrics statements="12" coveredstatements="10" conditionals="2" coveredconditionals="2" methods="1" coveredmethods="1"/>
      <line num="5" count="1" type="stmt"/>
      <line num="7" count="1" type="stmt"/>
      <line num="14" count="3" type="stmt"/>
      <line num="15" count="3" type="cond" truecount="2" falsecount="0"/>
      <line num="16" count="1" type="stmt"/>
      <line num="19" count="2" type="stmt"/>
      <line num="20" count="2" type="stmt"/>
      <line num="21" count="0" type="stmt"/>
      <line num="22" count="0" type="stmt"/>
      <line num="24" count="2" type="stmt"/>
      <line num="25" count="2" type="stmt"/>
      <line num="29" count="1" type="stmt"/>
    </file>
    <file name="verifyVote.ts" path="/workspaces/threadit/vote_api/src/utils/verifyVote.ts">
      <metrics statements="14" coveredstatements="14" conditionals="10" coveredconditionals="10" methods="1" coveredmethods="1"/>
      <line num="10" count="5" type="stmt"/>
      <line num="16" count="5" type="cond" truecount="4" falsecount="0"/>
      <line num="17" count="2" type="stmt"/>
      <line num="18" count="2" type="stmt"/>
      <line num="21" count="3" type="cond" truecount="2" falsecount="0"/>
      <line num="22" count="1" type="stmt"/>
      <line num="23" count="1" type="stmt"/>
      <line num="26" count="2" type="cond" truecount="4" falsecount="0"/>
      <line num="27" count="1" type="stmt"/>
      <line num="28" count="1" type="stmt"/>
      <line num="29" count="1" type="stmt"/>
      <line num="32" count="1" type="stmt"/>
      <line num="34" count="1" type="stmt"/>
      <line num="37" count="1" type="stmt"/>
    </file>
  </project>
</coverage>
