{"/workspaces/threadit/vote_api/src/utils/logger.ts": {"path":"/workspaces/threadit/vote_api/src/utils/logger.ts","statementMap":{"0":{"start":{"line":4,"column":12},"end":{"line":9,"column":2}},"1":{"start":{"line":6,"column":21},"end":{"line":6,"column":52}}},"fnMap":{"0":{"name":"(anonymous_0)","decl":{"start":{"line":6,"column":15},"end":{"line":6,"column":16}},"loc":{"start":{"line":6,"column":21},"end":{"line":6,"column":52}},"line":6}},"branchMap":{},"s":{"0":2,"1":7},"f":{"0":7},"b":{},"_coverageSchema":"1a1c01bbd47fc00a2c39e90264f33305004495a9","hash":"15a2374f38c030075b4c47822507ea23c7bbef3a"}
,"/workspaces/threadit/vote_api/src/utils/verifyUser.ts": {"path":"/workspaces/threadit/vote_api/src/utils/verifyUser.ts","statementMap":{"0":{"start":{"line":5,"column":12},"end":{"line":5,"column":19}},"1":{"start":{"line":7,"column":23},"end":{"line":7,"column":55}},"2":{"start":{"line":14,"column":18},"end":{"line":14,"column":42}},"3":{"start":{"line":15,"column":4},"end":{"line":17,"column":5}},"4":{"start":{"line":16,"column":8},"end":{"line":16,"column":57}},"5":{"start":{"line":19,"column":4},"end":{"line":26,"column":5}},"6":{"start":{"line":20,"column":24},"end":{"line":20,"column":72}},"7":{"start":{"line":21,"column":8},"end":{"line":21,"column":38}},"8":{"start":{"line":22,"column":8},"end":{"line":22,"column":15}},"9":{"start":{"line":24,"column":8},"end":{"line":24,"column":23}},"10":{"start":{"line":25,"column":8},"end":{"line":25,"column":53}},"11":{"start":{"line":29,"column":0},"end":{"line":29,"column":28}}},"fnMap":{"0":{"name":"verifyUser","decl":{"start":{"line":9,"column":30},"end":{"line":9,"column":40}},"loc":{"start":{"line":13,"column":2},"end":{"line":27,"column":1}},"line":13}},"branchMap":{"0":{"loc":{"start":{"line":15,"column":4},"end":{"line":17,"column":5}},"type":"if","locations":[{"start":{"line":15,"column":4},"end":{"line":17,"column":5}},{"start":{},"end":{}}],"line":15}},"s":{"0":1,"1":1,"2":3,"3":3,"4":1,"5":2,"6":2,"7":1,"8":1,"9":1,"10":1,"11":1},"f":{"0":3},"b":{"0":[1,2]},"_coverageSchema":"1a1c01bbd47fc00a2c39e90264f33305004495a9","hash":"fc50cb164f9ec67304ae74413ddebb0963bee1c1"}
,"/workspaces/threadit/vote_api/src/utils/verifyVote.ts": {"path":"/workspaces/threadit/vote_api/src/utils/verifyVote.ts","statementMap":{"0":{"start":{"line":10,"column":23},"end":{"line":14,"column":5}},"1":{"start":{"line":16,"column":4},"end":{"line":19,"column":5}},"2":{"start":{"line":17,"column":8},"end":{"line":17,"column":33}},"3":{"start":{"line":18,"column":8},"end":{"line":18,"column":68}},"4":{"start":{"line":21,"column":4},"end":{"line":24,"column":5}},"5":{"start":{"line":22,"column":8},"end":{"line":22,"column":60}},"6":{"start":{"line":23,"column":8},"end":{"line":23,"column":78}},"7":{"start":{"line":26,"column":4},"end":{"line":30,"column":5}},"8":{"start":{"line":27,"column":8},"end":{"line":27,"column":56}},"9":{"start":{"line":28,"column":8},"end":{"line":28,"column":44}},"10":{"start":{"line":29,"column":8},"end":{"line":29,"column":15}},"11":{"start":{"line":32,"column":4},"end":{"line":32,"column":27}},"12":{"start":{"line":34,"column":4},"end":{"line":34,"column":11}},"13":{"start":{"line":37,"column":0},"end":{"line":37,"column":28}}},"fnMap":{"0":{"name":"verifyVote","decl":{"start":{"line":5,"column":30},"end":{"line":5,"column":40}},"loc":{"start":{"line":9,"column":2},"end":{"line":35,"column":1}},"line":9}},"branchMap":{"0":{"loc":{"start":{"line":16,"column":4},"end":{"line":19,"column":5}},"type":"if","locations":[{"start":{"line":16,"column":4},"end":{"line":19,"column":5}},{"start":{},"end":{}}],"line":16},"1":{"loc":{"start":{"line":16,"column":8},"end":{"line":16,"column":35}},"type":"binary-expr","locations":[{"start":{"line":16,"column":8},"end":{"line":16,"column":21}},{"start":{"line":16,"column":25},"end":{"line":16,"column":35}}],"line":16},"2":{"loc":{"start":{"line":21,"column":4},"end":{"line":24,"column":5}},"type":"if","locations":[{"start":{"line":21,"column":4},"end":{"line":24,"column":5}},{"start":{},"end":{}}],"line":21},"3":{"loc":{"start":{"line":26,"column":4},"end":{"line":30,"column":5}},"type":"if","locations":[{"start":{"line":26,"column":4},"end":{"line":30,"column":5}},{"start":{},"end":{}}],"line":26},"4":{"loc":{"start":{"line":26,"column":8},"end":{"line":26,"column":43}},"type":"binary-expr","locations":[{"start":{"line":26,"column":8},"end":{"line":26,"column":23}},{"start":{"line":26,"column":27},"end":{"line":26,"column":43}}],"line":26}},"s":{"0":5,"1":5,"2":2,"3":2,"4":3,"5":1,"6":1,"7":2,"8":1,"9":1,"10":1,"11":1,"12":1,"13":1},"f":{"0":5},"b":{"0":[2,3],"1":[5,4],"2":[1,2],"3":[1,1],"4":[2,1]},"_coverageSchema":"1a1c01bbd47fc00a2c39e90264f33305004495a9","hash":"d7ef28a503e756997d7a99fc360100d1496f6fba"}
}
