TN:
SF:src/utils/logger.ts
FN:6,(anonymous_0)
FNF:1
FNH:1
FNDA:7,(anonymous_0)
DA:4,2
DA:6,7
LF:2
LH:2
BRF:0
BRH:0
end_of_record
TN:
SF:src/utils/verifyUser.ts
FN:9,verifyUser
FNF:1
FNH:1
FNDA:3,verifyUser
DA:5,1
DA:7,1
DA:14,3
DA:15,3
DA:16,1
DA:19,2
DA:20,2
DA:21,1
DA:22,1
DA:24,1
DA:25,1
DA:29,1
LF:12
LH:12
BRDA:15,0,0,1
BRDA:15,0,1,2
BRF:2
BRH:2
end_of_record
TN:
SF:src/utils/verifyVote.ts
FN:5,verifyVote
FNF:1
FNH:1
FNDA:5,verifyVote
DA:10,5
DA:16,5
DA:17,2
DA:18,2
DA:21,3
DA:22,1
DA:23,1
DA:26,2
DA:27,1
DA:28,1
DA:29,1
DA:32,1
DA:34,1
DA:37,1
LF:14
LH:14
BRDA:16,0,0,2
BRDA:16,0,1,3
BRDA:16,1,0,5
BRDA:16,1,1,4
BRDA:21,2,0,1
BRDA:21,2,1,2
BRDA:26,3,0,1
BRDA:26,3,1,1
BRDA:26,4,0,2
BRDA:26,4,1,1
BRF:10
BRH:10
end_of_record
